Loading net-file from 'C:\Users\delphi\testreports\sumoExtra\git\tools\game\A10KW/osm.net.xml' ... done (62ms).
Loading additional-files from 'C:\Users\delphi\testreports\sumoExtra\git\tools\game\input_additional.add.xml' ... done (3ms).
Loading additional-files from 'C:\Users\delphi\testreports\sumoExtra\git\tools\game\A10KW/osm.poly.xml' ... done (1ms).
Loading route-files incrementally from 'C:\Users\delphi\testreports\sumoExtra\git\tools\game\A10KW/osm.passenger.rou.xml'
Loading route-files incrementally from 'C:\Users\delphi\testreports\sumoExtra\git\tools\game\A10KW/osm.truck.rou.xml'
Loading route-files incrementally from 'C:\Users\delphi\testreports\sumoExtra\git\tools\game\A10KW/osm.passenger_mw.rou.xml'
Loading route-files incrementally from 'C:\Users\delphi\testreports\sumoExtra\git\tools\game\A10KW/osm.truck_mw.rou.xml'
Loading route-files incrementally from 'C:\Users\delphi\testreports\sumoExtra\git\tools\game\A10KW/osm.passenger_mwb.rou.xml'
Loading route-files incrementally from 'C:\Users\delphi\testreports\sumoExtra\git\tools\game\A10KW/osm.truck_mwb.rou.xml'
Loading route-files incrementally from 'C:\Users\delphi\testreports\sumoExtra\git\tools\game\A10KW/extra.rou.xml'
Loading done.
Simulation version 1.25.0 started with time: 0.00.
Simulation ended at time: 1800.00.
Reason: The final simulation step has been reached.
Performance:
 Duration: 16.19s
 Real time factor: 111.207
 UPS: 176702.026443
Vehicles:
 Inserted: 5375 (Loaded: 6889)
 Running: 1083
 Waiting: 1513
Statistics (avg of 5375):
 RouteLength: 1926.17
 Speed: 17.53
 Duration: 266.06
 WaitingTime: 152.73
 TimeLoss: 195.02
 DepartDelay: 45.57
 DepartDelayWaiting: 306.92
DijkstraRouter answered 450 queries and explored 34.18 edges on average.
DijkstraRouter spent 0.01s answering queries (0.02ms on average).
