Loading net-file from 'C:\Users\delphi\testreports\sumoExtra\git\tools\game\corridor/corridor.net.xml' ... done (2ms).
Loading additional-files from 'C:\Users\delphi\testreports\sumoExtra\git\tools\game\input_additional.add.xml' ... done (1ms).
Loading route-files incrementally from 'C:\Users\delphi\testreports\sumoExtra\git\tools\game\corridor/corridor.rou.xml'
Loading done.
Simulation version 1.25.0 started with time: 0.00.
Simulation ended at time: 600.00.
Reason: The final simulation step has been reached.
Performance:
 Duration: 0.63s
 Real time factor: 960
 UPS: 479803.200000
Vehicles:
 Inserted: 296 (Loaded: 379)
 Running: 140
 Waiting: 83
 Teleports: 6 (Yield: 6)
Statistics (avg of 296):
 RouteLength: 468.34
 Speed: 7.14
 Duration: 202.62
 WaitingTime: 157.96
 TimeLoss: 168.59
 DepartDelay: 2.31
 DepartDelayWaiting: 152.95
