Loading net-file from 'C:\Users\delphi\testreports\sumoExtra\git\tools\game\cross/cross.net.xml' ... done (2ms).
Loading additional-files from 'C:\Users\delphi\testreports\sumoExtra\git\tools\game\cross/cross.tls.add.xml' ... done (1ms).
Loading additional-files from 'C:\Users\delphi\testreports\sumoExtra\git\tools\game\input_additional.add.xml' ... done (1ms).
Loading route-files incrementally from 'C:\Users\delphi\testreports\sumoExtra\git\tools\game\cross/cross.rou.xml'
Loading done.
Simulation version 1.25.0 started with time: 0.00.
Simulation ended at time: 180.00.
Reason: The final simulation step has been reached.
Performance:
 Duration: 0.13s
 Real time factor: 1395.35
 UPS: 253689.922481
Vehicles:
 Inserted: 90 (Loaded: 92)
 Running: 63
 Waiting: 2
Statistics (avg of 90):
 RouteLength: 216.82
 Speed: 6.13
 Duration: 72.72
 WaitingTime: 54.32
 TimeLoss: 57.65
 DepartDelay: 0.67
 DepartDelayWaiting: 12.50
