Loading net-file from 'C:\Users\delphi\testreports\sumoExtra\git\tools\game\fkk_in/ingolstadt.net.xml.gz' ... done (16ms).
Loading additional-files from 'C:\Users\delphi\testreports\sumoExtra\git\tools\game\fkk_in/fkk_in.tls.add.xml' ... done (0ms).
Loading additional-files from 'C:\Users\delphi\testreports\sumoExtra\git\tools\game\input_additional.add.xml' ... done (1ms).
Loading route-files incrementally from 'C:\Users\delphi\testreports\sumoExtra\git\tools\game\fkk_in/fkk_in.rou.xml'
Loading done.
Simulation version 1.25.0 started with time: 0.00.
Simulation ended at time: 180.00.
Reason: The final simulation step has been reached.
Performance:
 Duration: 0.14s
 Real time factor: 1323.53
 UPS: 239102.941176
Vehicles:
 Inserted: 95 (Loaded: 114)
 Running: 55
 Waiting: 19
Statistics (avg of 73):
 RouteLength: 179.24
 Speed: 6.83
 Duration: 64.17
 WaitingTime: 46.30
 TimeLoss: 49.58
 DepartDelay: 0.39
Bike Statistics (avg of 22):
 RouteLength: 121.13
 Speed: 2.36
 Duration: 82.67
 WaitingTime: 57.58
 TimeLoss: 60.30
 DepartDelay: 0.31
Statistics (avg of 95):
 DepartDelayWaiting: 43.58
DijkstraRouter answered 96 queries and explored 10.89 edges on average.
DijkstraRouter spent 0.00s answering queries (0.01ms on average).
