Loading net-file from 'C:\Users\delphi\testreports\sumoExtra\git\tools\game\grid6/grid6.net.xml' ... done (4ms).
Loading additional-files from 'C:\Users\delphi\testreports\sumoExtra\git\tools\game\grid6/grid6.tll.xml' ... done (0ms).
Loading additional-files from 'C:\Users\delphi\testreports\sumoExtra\git\tools\game\grid6/grid6.poi.xml' ... done (0ms).
Loading additional-files from 'C:\Users\delphi\testreports\sumoExtra\git\tools\game\input_additional.add.xml' ... done (1ms).
Loading route-files incrementally from 'C:\Users\delphi\testreports\sumoExtra\git\tools\game\grid6/grid6.rou.xml'
Loading done.
Simulation version 1.25.0 started with time: 0.00.
Simulation ended at time: 220.00.
Reason: The final simulation step has been reached.
Performance:
 Duration: 0.47s
 Real time factor: 468.085
 UPS: 331887.234043
Vehicles:
 Inserted: 215 (Loaded: 260)
 Running: 131
 Waiting: 45
Statistics (avg of 215):
 RouteLength: 322.01
 Speed: 7.90
 Duration: 72.55
 WaitingTime: 45.08
 TimeLoss: 49.16
 DepartDelay: 0.06
 DepartDelayWaiting: 25.41
DijkstraRouter answered 260 queries and explored 30.23 edges on average.
DijkstraRouter spent 0.00s answering queries (0.00ms on average).
