Loading net-file from 'C:\Users\delphi\testreports\sumoExtra\git\tools\game\rail_demo/net.net.xml' ... done (4ms).
Loading additional-files from 'C:\Users\delphi\testreports\sumoExtra\git\tools\game\rail_demo/stops.add.xml' ... done (30ms).
Loading route-files incrementally from 'C:\Users\delphi\testreports\sumoExtra\git\tools\game\rail_demo/input_routes.rou.xml'
Loading done.
Simulation version 1.25.0 started with time: 0.00.
Simulation ended at time: 1200.00.
Reason: The final simulation step has been reached.
Performance:
 Duration: 3.03s
 Real time factor: 395.648
 UPS: 5934.718101
 UPS-Persons: 179743.158589
Vehicles:
 Inserted: 3
 Running: 3
 Waiting: 0
Persons:
 Inserted: 258 (Loaded: 100000)
 Running: 0
Statistics (avg of 3):
 RouteLength: 2216.41
 Speed: 1.85
 Duration: 1200.00
 WaitingTime: 52.27
 TimeLoss: 266.73
 DepartDelay: 0.00
 DepartDelayWaiting: 0.00
Ride Statistics (avg of 100000 rides):
 WaitingTime: 0.34
 RouteLength: 0.28
 Duration: 0.09
 Train: 96
 Aborted: 99904
