Loading net-file from 'C:\Users\delphi\testreports\sumoExtra\git\tools\game\ramp/ramp.net.xml' ... done (2ms).
Loading additional-files from 'C:\Users\delphi\testreports\sumoExtra\git\tools\game\input_additional.add.xml' ... done (1ms).
Loading route-files incrementally from 'C:\Users\delphi\testreports\sumoExtra\git\tools\game\ramp/ramp.rou.xml'
Loading done.
Simulation version 1.25.0 started with time: 0.00.
Simulation ended at time: 400.00.
Reason: The final simulation step has been reached.
Performance:
 Duration: 1.08s
 Real time factor: 370.028
 UPS: 219203.515264
Vehicles:
 Inserted: 566 (Loaded: 603)
 Running: 188
 Waiting: 37
Statistics (avg of 566):
 RouteLength: 1456.85
 Speed: 20.13
 Duration: 83.73
 WaitingTime: 11.32
 TimeLoss: 34.50
 DepartDelay: 0.59
 DepartDelayWaiting: 24.43
