Loading net-file from 'C:\Users\delphi\testreports\sumoExtra\git\tools\game\square/square.net.xml' ... done (6ms).
Loading additional-files from 'C:\Users\delphi\testreports\sumoExtra\git\tools\game\square/square.tll.xml' ... done (1ms).
Loading additional-files from 'C:\Users\delphi\testreports\sumoExtra\git\tools\game\square/square.poi.xml' ... done (0ms).
Loading additional-files from 'C:\Users\delphi\testreports\sumoExtra\git\tools\game\square/square.rou.xml' ... done (1ms).
Loading additional-files from 'C:\Users\delphi\testreports\sumoExtra\git\tools\game\input_additional.add.xml' ... done (1ms).
Loading done.
Simulation version 1.25.0 started with time: 0.00.
Simulation ended at time: 180.00.
Reason: The final simulation step has been reached.
Performance:
 Duration: 0.22s
 Real time factor: 829.493
 UPS: 451414.746544
Vehicles:
 Inserted: 130 (Loaded: 142)
 Running: 92
 Waiting: 12
Statistics (avg of 130):
 RouteLength: 232.02
 Speed: 6.26
 Duration: 75.35
 WaitingTime: 55.69
 TimeLoss: 59.38
 DepartDelay: 0.09
 DepartDelayWaiting: 35.50
