2025-11-12 22:53:07.872 | 184: logger_setup._log                      | INFO    : Commit hash: 8d750045b5aeaa5021c8f5427d7fb9e72f649d70
2025-11-12 22:53:07.873 | 184: logger_setup._log                      | INFO    : Done.
**********************************************************************************
2025-11-12 22:53:07.873 | 184: logger_setup._log                      | INFO    : Done.
----------
2025-11-12 22:53:07.873 | 184: logger_setup._log                      | INFO    : Done.
fffffffffff
//////////////////////////////////////////////////////////////////////////////////
2025-11-12 22:53:07.873 | 184: logger_setup._log                      | DEBUG   : debug message
2025-11-12 22:53:07.873 | 184: logger_setup._log                      | INFO    : hello world
2025-11-12 22:53:07.873 | 184: logger_setup._log                      | WARNING : Oh No
2025-11-12 22:53:07.873 | 184: logger_setup._log                      | ERROR   : Error
2025-11-12 22:53:07.873 | 184: logger_setup._log                      | CRITICAL: Critical
2025-11-12 22:53:07.882 | 184: logger_setup._log                      | INFO    : Commit hash: 8d750045b5aeaa5021c8f5427d7fb9e72f649d70
2025-11-12 22:53:07.901 | 184: logger_setup._log                      | ERROR   : Error getting latest tag: fatal: No names found, cannot describe anything.

2025-11-12 22:53:07.902 | 184: logger_setup._log                      | INFO    : Commit hash: 8d750045b5aeaa5021c8f5427d7fb9e72f649d70
                                                                                  Latest tag:unknown
2025-11-12 22:53:07.902 | 184: logger_setup._log                      | ERROR   : division by zero
Traceback (most recent call last):
  File "/Users/tylerhaunreiter/Desktop/Python/CustomLogger/src/THCustomLogger/logger_setup.py", line 269, in example
    1 / 0
    ~~^~~
ZeroDivisionError: division by zero
2025-11-12 22:53:07.904 | 184: logger_setup._log                      | INFO    : Message with custom break
**********************************************************************************
2025-11-12 22:53:07.904 | 184: logger_setup._log                      | INFO    : No indent message
Second line
2025-11-12 23:34:31.850 | 184: logger_setup._log                      | INFO    : Success!
